Using pre-set license
Built from '2020.3/staging' branch; Version is '2020.3.0f1 (c7b5465681fb) revision 13088070'; Using compiler version '192528614'; Build Type 'Release'
OS: 'Windows 10 Home Single Language; OS build 19042.1348; Version 2009; 64bit' Language: 'ru' Physical Memory: 8124 MB
BatchMode: 1, IsHumanControllingUs: 0, StartBugReporterOnCrash: 0, Is64bit: 1, IsPro: 0

 COMMAND LINE ARGUMENTS:
E:\Software\Unity 3D\2020.3.0f1\Editor\Unity.exe
-adb2
-batchMode
-noUpm
-name
AssetImportWorker0
-projectPath
E:/UnityGitRepos/Programming-Theory-Repo/Programming Theory Project
-logFile
Logs/AssetImportWorker0.log
-srvPort
54899
Successfully changed project path to: E:/UnityGitRepos/Programming-Theory-Repo/Programming Theory Project
E:/UnityGitRepos/Programming-Theory-Repo/Programming Theory Project
Using Asset Import Pipeline V2.
Refreshing native plugins compatible for Editor in 39.29 ms, found 0 plugins.
Preloading 0 native plugins for Editor in 0.00 ms.
Initialize engine version: 2020.3.0f1 (c7b5465681fb)
[Subsystems] Discovering subsystems at path E:/Software/Unity 3D/2020.3.0f1/Editor/Data/Resources/UnitySubsystems
[Subsystems] Discovering subsystems at path E:/UnityGitRepos/Programming-Theory-Repo/Programming Theory Project/Assets
GfxDevice: creating device client; threaded=0
Direct3D:
    Version:  Direct3D 11.0 [level 11.0]
    Renderer: NVIDIA GeForce GT 750M (ID=0xfe4)
    Vendor:   
    VRAM:     4054 MB
    Driver:   25.21.14.2531
Initialize mono
Mono path[0] = 'E:/Software/Unity 3D/2020.3.0f1/Editor/Data/Managed'
Mono path[1] = 'E:/Software/Unity 3D/2020.3.0f1/Editor/Data/MonoBleedingEdge/lib/mono/unityjit'
Mono config path = 'E:/Software/Unity 3D/2020.3.0f1/Editor/Data/MonoBleedingEdge/etc'
Using monoOptions --debugger-agent=transport=dt_socket,embedding=1,server=y,suspend=n,address=127.0.0.1:56056
Begin MonoManager ReloadAssembly
Registering precompiled unity dll's ...
Register platform support module: E:/Software/Unity 3D/2020.3.0f1/Editor/Data/PlaybackEngines/WebGLSupport/UnityEditor.WebGL.Extensions.dll
Register platform support module: E:/Software/Unity 3D/2020.3.0f1/Editor/Data/PlaybackEngines/WindowsStandaloneSupport/UnityEditor.WindowsStandalone.Extensions.dll
Registered in 0.001536 seconds.
Native extension for WindowsStandalone target not found
Native extension for WebGL target not found
Refreshing native plugins compatible for Editor in 32.72 ms, found 0 plugins.
Preloading 0 native plugins for Editor in 0.00 ms.
Invoked RoslynAnalysisRunner static constructor.
RoslynAnalysisRunner will not be running.
RoslynAnalysisRunner has terminated.
Mono: successfully reloaded assembly
- Completed reload, in  1.309 seconds
Platform modules already initialized, skipping
Registering precompiled user dll's ...
Registered in 0.000750 seconds.
Begin MonoManager ReloadAssembly
Native extension for WindowsStandalone target not found
Native extension for WebGL target not found
Refreshing native plugins compatible for Editor in 0.34 ms, found 0 plugins.
Preloading 0 native plugins for Editor in 0.00 ms.
Invoked RoslynAnalysisRunner static constructor.
RoslynAnalysisRunner will not be running.
RoslynAnalysisRunner has terminated.
Mono: successfully reloaded assembly
- Completed reload, in  1.036 seconds
Platform modules already initialized, skipping
========================================================================
Worker process is ready to serve import requests
Launched and connected shader compiler UnityShaderCompiler.exe after 0.05 seconds
Refreshing native plugins compatible for Editor in 0.32 ms, found 0 plugins.
Preloading 0 native plugins for Editor in 0.00 ms.
Unloading 1126 Unused Serialized files (Serialized files now loaded: 0)
System memory in use before: 59.0 MB.
System memory in use after: 59.1 MB.

Unloading 9 unused Assets to reduce memory usage. Loaded Objects now: 1577.
Total: 2.614000 ms (FindLiveObjects: 0.340300 ms CreateObjectMapping: 0.155200 ms MarkObjects: 2.031500 ms  DeleteObjects: 0.085200 ms)

========================================================================
Received Import Request.
  path: Assets/Scenes/MainScene.unity
  artifactKey: Guid(a30c376197df9fd4283090aa3a723efc) Importer(815301076,1909f56bfc062723c751e8b465ee728b)
Start importing Assets/Scenes/MainScene.unity using Guid(a30c376197df9fd4283090aa3a723efc) Importer(815301076,1909f56bfc062723c751e8b465ee728b)  -> (artifact id: '7b5443523579c0d75221a26bb5ca4a49') in 0.073732 seconds
  Import took 0.076816 seconds .

========================================================================
Received Import Request.
  Time since last request: 3.289842 seconds.
  path: Assets/Scenes/MainScene.unity
  artifactKey: Guid(a30c376197df9fd4283090aa3a723efc) Importer(815301076,1909f56bfc062723c751e8b465ee728b)
Start importing Assets/Scenes/MainScene.unity using Guid(a30c376197df9fd4283090aa3a723efc) Importer(815301076,1909f56bfc062723c751e8b465ee728b)  -> (artifact id: '7b5443523579c0d75221a26bb5ca4a49') in 0.007076 seconds
  Import took 0.013958 seconds .

========================================================================
Received Import Request.
  Time since last request: 6.995740 seconds.
  path: Assets/Scenes/MainMenu.unity
  artifactKey: Guid(681de0a67d0d6de4da2659c349dc9ab5) Importer(815301076,1909f56bfc062723c751e8b465ee728b)
Start importing Assets/Scenes/MainMenu.unity using Guid(681de0a67d0d6de4da2659c349dc9ab5) Importer(815301076,1909f56bfc062723c751e8b465ee728b)  -> (artifact id: '2eb95beb45eece41eef03e8bf85593ec') in 0.014414 seconds
  Import took 0.018079 seconds .

